0 info it worked if it ends with ok
1 verbose cli [ 'node', '/usr/bin/npm', 'run', 'build' ]
2 info using npm@3.10.9
3 info using node@v0.10.48
4 verbose run-script [ 'prebuild', 'build', 'postbuild' ]
5 info lifecycle livechat-app@0.1.0~prebuild: livechat-app@0.1.0
6 silly lifecycle livechat-app@0.1.0~prebuild: no script for prebuild, continuing
7 info lifecycle livechat-app@0.1.0~build: livechat-app@0.1.0
8 verbose lifecycle livechat-app@0.1.0~build: unsafe-perm in lifecycle true
9 verbose lifecycle livechat-app@0.1.0~build: PATH: /usr/lib/node_modules/npm/bin/node-gyp-bin:/var/www/worldfone4x_kim_tientran/worldfone4x/worldchatbox/node_modules/.bin:/sbin:/bin:/usr/sbin:/usr/bin
10 verbose lifecycle livechat-app@0.1.0~build: CWD: /var/www/worldfone4x_kim_tientran/worldfone4x/worldchatbox
11 silly lifecycle livechat-app@0.1.0~build: Args: [ '-c', 'vue-cli-service build' ]
12 silly lifecycle livechat-app@0.1.0~build: Returned: code: 8  signal: null
13 info lifecycle livechat-app@0.1.0~build: Failed to exec build script
14 verbose stack Error: livechat-app@0.1.0 build: `vue-cli-service build`
14 verbose stack Exit status 8
14 verbose stack     at EventEmitter.<anonymous> (/usr/lib/node_modules/npm/lib/utils/lifecycle.js:255:16)
14 verbose stack     at EventEmitter.emit (events.js:98:17)
14 verbose stack     at ChildProcess.<anonymous> (/usr/lib/node_modules/npm/lib/utils/spawn.js:40:14)
14 verbose stack     at ChildProcess.emit (events.js:98:17)
14 verbose stack     at maybeClose (child_process.js:766:16)
14 verbose stack     at Process.ChildProcess._handle.onexit (child_process.js:833:5)
15 verbose pkgid livechat-app@0.1.0
16 verbose cwd /var/www/worldfone4x_kim_tientran/worldfone4x/worldchatbox
17 error Linux 2.6.32-696.30.1.el6.x86_64
18 error argv "node" "/usr/bin/npm" "run" "build"
19 error node v0.10.48
20 error npm  v3.10.9
21 error code ELIFECYCLE
22 error livechat-app@0.1.0 build: `vue-cli-service build`
22 error Exit status 8
23 error Failed at the livechat-app@0.1.0 build script 'vue-cli-service build'.
23 error Make sure you have the latest version of node.js and npm installed.
23 error If you do, this is most likely a problem with the livechat-app package,
23 error not with npm itself.
23 error Tell the author that this fails on your system:
23 error     vue-cli-service build
23 error You can get information on how to open an issue for this project with:
23 error     npm bugs livechat-app
23 error Or if that isn't available, you can get their info via:
23 error     npm owner ls livechat-app
23 error There is likely additional logging output above.
24 verbose exit [ 1, true ]
